  main.cpp
C:\Users\giovi\source\repos\lab6\src\ObjectTracker.cpp(68,49): warning C4244: 'argomento': conversione da 'int' a '_Tp'. Possibile perdita di dati.
          with
          [
              _Tp=float
          ]
C:\Users\giovi\source\repos\lab6\src\ObjectTracker.cpp(69,72): warning C4244: 'argomento': conversione da 'int' a '_Tp'. Possibile perdita di dati.
          with
          [
              _Tp=float
          ]
C:\Users\giovi\source\repos\lab6\src\ObjectTracker.cpp(69,49): warning C4244: 'argomento': conversione da 'int' a '_Tp'. Possibile perdita di dati.
          with
          [
              _Tp=float
          ]
C:\Users\giovi\source\repos\lab6\src\ObjectTracker.cpp(70,52): warning C4244: 'argomento': conversione da 'int' a '_Tp'. Possibile perdita di dati.
          with
          [
              _Tp=float
          ]
C:\Users\giovi\source\repos\lab6\src\ObjectTracker.cpp(122,44): warning C4244: 'argomento': conversione da 'int' a '_Tp'. Possibile perdita di dati.
          with
          [
              _Tp=float
          ]
C:\Users\giovi\source\repos\lab6\src\ObjectTracker.cpp(123,61): warning C4244: 'argomento': conversione da 'int' a '_Tp'. Possibile perdita di dati.
          with
          [
              _Tp=float
          ]
C:\Users\giovi\source\repos\lab6\src\ObjectTracker.cpp(123,44): warning C4244: 'argomento': conversione da 'int' a '_Tp'. Possibile perdita di dati.
          with
          [
              _Tp=float
          ]
C:\Users\giovi\source\repos\lab6\src\ObjectTracker.cpp(124,47): warning C4244: 'argomento': conversione da 'int' a '_Tp'. Possibile perdita di dati.
          with
          [
              _Tp=float
          ]
C:\Users\giovi\source\repos\lab6\src\main.cpp(31,48): warning C4244: 'argomento': conversione da 'double' a '_Tp'. Possibile perdita di dati.
          with
          [
              _Tp=int
          ]
C:\Users\giovi\source\repos\lab6\src\main.cpp(31,29): warning C4244: 'argomento': conversione da 'double' a '_Tp'. Possibile perdita di dati.
          with
          [
              _Tp=int
          ]
C:\Users\giovi\source\repos\lab6\src\main.cpp(61,32): warning C4244: '=': conversione da 'double' a 'int'. Possibile perdita di dati.
C:\Users\giovi\source\repos\lab6\src\main.cpp(62,33): warning C4244: '=': conversione da 'double' a 'int'. Possibile perdita di dati.
  Lab6CV.vcxproj -> C:\Users\giovi\source\repos\lab6\build\Debug\Lab6CV.exe
